0 info it worked if it ends with ok
1 verbose cli [ '/usr/bin/iojs', '/usr/bin/npm', 'publish' ]
2 info using npm@2.6.0
3 info using node@v1.4.1
4 verbose publish [ '.' ]
5 silly cache add args [ '.', null ]
6 verbose cache add spec .
7 silly cache add parsed spec { raw: '.',
7 silly cache add   scope: null,
7 silly cache add   name: null,
7 silly cache add   rawSpec: '.',
7 silly cache add   spec: '/home/webreflection/code/dom4',
7 silly cache add   type: 'directory' }
8 verbose addLocalDirectory /home/webreflection/.npm/dom4/1.4.0/package.tgz not in flight; packing
9 verbose tar pack [ '/home/webreflection/.npm/dom4/1.4.0/package.tgz',
9 verbose tar pack   '/home/webreflection/code/dom4' ]
10 verbose tarball /home/webreflection/.npm/dom4/1.4.0/package.tgz
11 verbose folder /home/webreflection/code/dom4
12 info prepublish dom4@1.4.0
13 verbose addLocalTarball adding from inside cache /home/webreflection/.npm/dom4/1.4.0/package.tgz
14 silly cache afterAdd dom4@1.4.0
15 verbose afterAdd /home/webreflection/.npm/dom4/1.4.0/package/package.json not in flight; writing
16 verbose afterAdd /home/webreflection/.npm/dom4/1.4.0/package/package.json written
17 silly publish { name: 'dom4',
17 silly publish   title: 'DOM4',
17 silly publish   description: 'a fully tested and covered polyfill for new DOM Level 4 entries',
17 silly publish   version: '1.4.0',
17 silly publish   main: 'build/dom4.js',
17 silly publish   homepage: 'https://github.com/WebReflection/dom4',
17 silly publish   author:
17 silly publish    { name: 'Andrea Giammarchi',
17 silly publish      url: 'http://webreflection.blogspot.com' },
17 silly publish   repository:
17 silly publish    { type: 'git',
17 silly publish      url: 'https://github.com/WebReflection/dom4.git' },
17 silly publish   keywords: [ 'DOM', 'Level 4', 'classList', 'CustomEvent', 'DOM4' ],
17 silly publish   licenses:
17 silly publish    [ { type: 'MIT',
17 silly publish        url: 'https://github.com/jquery/jquery/blob/master/MIT-LICENSE.txt' } ],
17 silly publish   scripts:
17 silly publish    { test: 'phantomjs testrunner.js',
17 silly publish      web: 'IP=0.0.0.0 node node_modules/polpetta' },
17 silly publish   dependencies: {},
17 silly publish   devDependencies:
17 silly publish    { wru: '~0.2.x',
17 silly publish      'uglify-js': '1.x',
17 silly publish      jshint: '~2.x',
17 silly publish      polpetta: '~0.3.x',
17 silly publish      phantomjs: '~1.x' },
17 silly publish   readme: 'DOM4\n====\n\n#### Now in cdnJS\nMany thanks to [cdnjs](http://www.cdnjs.com) for hosting this script. Following an example on how to include it.\n```html\n<script\n  src="//cdnjs.cloudflare.com/ajax/libs/dom4/1.4.0/dom4.js"\n>/* DOM4 */</script>\n```\n\n#### Features\nThis is a [fully tested](http://webreflection.github.io/dom4/test/) and covered polyfill for both [new DOM Level 4 parentNode entries](https://dom.spec.whatwg.org/#parentnode):\n\n  * Element#prepend()\n  * Element#append()\n\nAnd for [new DOM Level 4 childNode entries](https://dom.spec.whatwg.org/#childnode):\n\n  * Element#before()\n  * Element#after()\n  * Element#replaceWith() ( **warning** Element#replace() has been recently deprecated )\n  * Element#remove()\n\nThe [implemented test](test/dom4.js) is conform to current specifications.\n\nOther fixes/standardized behaviors include:\n\n  * **new** [Elements as Array subclass](http://www.w3.org/TR/2015/WD-dom-20150428/#elements), so that `el.query` is same as `el.querySelector` but `el.queryAll` replaces `Array.prototype.slice.call(el.querySelectorAll(css))`\n  * [classList](http://www.w3.org/TR/dom/#domtokenlist), with forced fixes for iOS 5.1 and Nokia ASHA Xpress Browser and early implementations\n  * [CustomEvent](http://www.w3.org/TR/dom/#customevent) constructor for all browsers down to IE8\n  * [Element#matches](http://www.w3.org/TR/dom/#dom-element-matches) utility to test elements against CSS selectors\n  * [Element#closest](https://dom.spec.whatwg.org/#dom-element-closest) utility to find element inclusive ancestor via CSS selectors\n\nThe **DOM4** license is Mit Style.\n\nIf you need other polyfills too [have a look at another DOM-shim repo](https://github.com/Raynos/DOM-shim).\n\n### Compatibility\nTheoretically compatible with all browsers you know that are truly used these days, here a list:\n\n  * Android 2.1+\n  * Safari Mobile since iOS 3.0 and Desktop\n  * Opera Mobile, Mini, and Desktop\n  * Blackberry 7.1 and higher\n  * Samsung Bada 2 native Browser\n  * Midori and most likely all other WebKit based\n  * Chrome Mobile and Desktop\n  * Firefox Mobile and Desktop\n  * IE8+ for Desktop and IE Mobile 9 or greater.\n  * Nokia Xpress Browser for ASHA Platform\n  * Silk Browser - Fire OS 3.0\n  * PhantomJS can benefit from DOM4 too\n\nIt\'s way easier if you tell me which browser in a current relevant market share is not supported :-)\n\nFor **IE8** only it\'s recommended to include [ie8](https://github.com/WebReflection/ie8#ie8) script before `dom4` or `CustomEvent`, `addEventListener`, and `dispatchEvent` won\'t work as expected.\n\n### Which File\nThe [minified version is here](build/dom4.js), while the [max one here](build/dom4.max.js). If you want to test directly [try this page](http://webreflection.github.com/dom4/test/), it should be green.',
17 silly publish   readmeFilename: 'README.md',
17 silly publish   gitHead: '2c447d15a015246f37f11a2c26ea7153567394dc',
17 silly publish   bugs: { url: 'https://github.com/WebReflection/dom4/issues' },
17 silly publish   _id: 'dom4@1.4.0',
17 silly publish   _shasum: '820cd767ecae66cce33f1e262d466aaf54ce48ad',
17 silly publish   _from: '.' }
18 silly mapToRegistry name dom4
19 silly mapToRegistry using default registry
20 silly mapToRegistry registry https://registry.npmjs.org/
21 silly mapToRegistry uri https://registry.npmjs.org/dom4
22 verbose publish registryBase https://registry.npmjs.org/
23 silly publish uploading /home/webreflection/.npm/dom4/1.4.0/package.tgz
24 verbose request uri https://registry.npmjs.org/dom4
25 verbose request sending authorization for write operation
26 info attempt registry request try #1 at 18:48:57
27 verbose request id d6850b1e32c3f8e1
28 http request PUT https://registry.npmjs.org/dom4
29 http 403 https://registry.npmjs.org/dom4
30 verbose headers { 'content-type': 'application/json',
30 verbose headers   'cache-control': 'max-age=60',
30 verbose headers   'content-length': '95',
30 verbose headers   'accept-ranges': 'bytes',
30 verbose headers   date: 'Wed, 29 Apr 2015 17:48:58 GMT',
30 verbose headers   via: '1.1 varnish',
30 verbose headers   connection: 'keep-alive',
30 verbose headers   'x-served-by': 'cache-lcy1128-LCY',
30 verbose headers   'x-cache': 'MISS',
30 verbose headers   'x-cache-hits': '0',
30 verbose headers   'x-timer': 'S1430329737.750054,VS0,VE642' }
31 verbose request invalidating /home/webreflection/.npm/registry.npmjs.org/dom4 on PUT
32 error publish Failed PUT 403
33 verbose stack Error: "You cannot publish over the previously published version 1.4.0." : dom4
33 verbose stack     at CachingRegistryClient.<anonymous> (/usr/lib/node_modules/npm/node_modules/npm-registry-client/lib/request.js:254:14)
33 verbose stack     at Request._callback (/usr/lib/node_modules/npm/node_modules/npm-registry-client/lib/request.js:178:14)
33 verbose stack     at Request.self.callback (/usr/lib/node_modules/npm/node_modules/request/request.js:344:22)
33 verbose stack     at emitTwo (events.js:87:13)
33 verbose stack     at Request.emit (events.js:169:7)
33 verbose stack     at Request.<anonymous> (/usr/lib/node_modules/npm/node_modules/request/request.js:1239:14)
33 verbose stack     at emitOne (events.js:82:20)
33 verbose stack     at Request.emit (events.js:166:7)
33 verbose stack     at IncomingMessage.<anonymous> (/usr/lib/node_modules/npm/node_modules/request/request.js:1187:12)
33 verbose stack     at emitNone (events.js:72:20)
34 verbose statusCode 403
35 verbose pkgid dom4
36 verbose cwd /home/webreflection/code/dom4
37 error Linux 3.19.3-3-ARCH
38 error argv "/usr/bin/iojs" "/usr/bin/npm" "publish"
39 error node v1.4.1
40 error npm  v2.6.0
41 error code E403
42 error "You cannot publish over the previously published version 1.4.0." : dom4
43 error If you need help, you may report this error at:
43 error     <http://github.com/npm/npm/issues>
44 verbose exit [ 1, true ]
